price updated
price updated
price updated
price updated
price updated
price updated
price updated
price updated
Traceback (most recent call last):
  File "/home/andrea/Desktop/paywac_website_v02/cronjob_scripts/cron_update_gas_price.py", line 44, in <module>
    print(str(datetime.now())+' -- price updated')
NameError: name 'datetime' is not defined
2019-09-28 10:39:02.887109 -- price updated
2019-09-28 10:42:02.771847 -- price updated
2019-09-28 10:45:02.745263 -- price updated
2019-09-28 10:48:03.056054 -- price updated
2019-09-28 10:51:03.085296 -- price updated
2019-09-28 10:54:02.373057 -- price updated
2019-09-28 10:57:02.901052 -- price updated
2019-09-28 11:00:03.542828 -- price updated
2019-09-28 11:03:02.914802 -- price updated
2019-09-28 11:06:03.340871 -- price updated
2019-09-28 11:09:02.648432 -- price updated
2019-09-28 11:12:02.770971 -- price updated
2019-09-28 11:15:03.028470 -- price updated
2019-09-28 11:18:02.280277 -- price updated
2019-09-28 11:21:02.041371 -- price updated
2019-09-28 11:24:02.360168 -- price updated
2019-09-28 11:27:02.749057 -- price updated
2019-09-28 11:30:03.383985 -- price updated
2019-09-28 11:33:02.717170 -- price updated
2019-09-28 11:36:03.053637 -- price updated
2019-09-28 11:39:02.357049 -- price updated
2019-09-28 11:42:02.346106 -- price updated
2019-09-28 11:45:02.645431 -- price updated
2019-09-28 11:48:02.931768 -- price updated
2019-09-28 11:51:02.842709 -- price updated
2019-09-28 11:54:03.175146 -- price updated
2019-09-28 11:57:02.789447 -- price updated
2019-09-28 12:00:03.213693 -- price updated
2019-09-28 12:03:02.520726 -- price updated
2019-09-28 12:06:02.996579 -- price updated
2019-09-28 12:09:02.381401 -- price updated
2019-09-28 12:12:02.364206 -- price updated
2019-09-28 12:15:02.607834 -- price updated
2019-09-28 12:18:02.830977 -- price updated
2019-09-28 12:21:02.687582 -- price updated
2019-09-28 12:24:02.953547 -- price updated
2019-09-28 12:27:02.253922 -- price updated
2019-09-28 12:30:03.117997 -- price updated
2019-09-28 12:33:02.459713 -- price updated
2019-09-28 12:36:02.819448 -- price updated
2019-09-28 12:39:03.233681 -- price updated
2019-09-28 12:42:02.233793 -- price updated
2019-09-28 12:45:03.000286 -- price updated
2019-09-28 12:48:04.423765 -- price updated
2019-09-28 12:51:04.294498 -- price updated
2019-09-28 12:54:04.880159 -- price updated
2019-09-28 12:57:04.808930 -- price updated
2019-09-28 13:00:05.833256 -- price updated
2019-09-28 13:03:05.405526 -- price updated
2019-09-28 13:06:03.078029 -- price updated
2019-09-28 13:09:04.844036 -- price updated
2019-09-28 13:12:02.735180 -- price updated
2019-09-28 13:15:03.520230 -- price updated
2019-09-28 13:18:03.383802 -- price updated
2019-09-28 13:21:02.730386 -- price updated
2019-09-28 13:24:03.643749 -- price updated
2019-09-28 13:27:04.133760 -- price updated
2019-09-28 13:30:04.825178 -- price updated
2019-09-28 13:33:04.141397 -- price updated
2019-09-28 13:36:03.790787 -- price updated
2019-09-28 13:39:04.844696 -- price updated
2019-09-28 13:42:03.093886 -- price updated
2019-09-28 13:45:02.391802 -- price updated
2019-09-28 13:48:03.183465 -- price updated
2019-09-28 13:51:02.929150 -- price updated
2019-09-28 13:54:02.780055 -- price updated
2019-09-28 13:57:05.519177 -- price updated
2019-09-28 14:00:04.376894 -- price updated
2019-09-28 16:18:03.210980 -- price updated
2019-09-28 16:21:03.441260 -- price updated
2019-09-28 16:24:02.805006 -- price updated
2019-09-28 16:27:03.168785 -- price updated
2019-09-28 16:30:02.856031 -- price updated
2019-09-28 16:33:03.102360 -- price updated
2019-09-28 16:36:02.582563 -- price updated
2019-09-28 16:39:03.026665 -- price updated
2019-09-28 16:42:02.655676 -- price updated
2019-09-28 16:45:03.252755 -- price updated
2019-09-28 16:48:02.671458 -- price updated
2019-09-28 16:51:03.745565 -- price updated
2019-09-28 16:54:04.114936 -- price updated
2019-09-28 16:57:03.277900 -- price updated
2019-09-28 17:00:03.313930 -- price updated
2019-09-28 17:03:02.608468 -- price updated
2019-09-28 17:06:02.539209 -- price updated
2019-09-28 17:09:02.876312 -- price updated
2019-09-28 17:12:03.156163 -- price updated
2019-09-28 17:15:02.902750 -- price updated
2019-09-28 17:18:03.965650 -- price updated
2019-09-28 17:21:03.208983 -- price updated
2019-09-28 17:24:02.364156 -- price updated
2019-09-28 17:27:02.615758 -- price updated
2019-09-28 17:30:03.333615 -- price updated
2019-09-28 17:33:02.774579 -- price updated
2019-09-28 17:36:03.013101 -- price updated
2019-09-28 17:39:02.143228 -- price updated
2019-09-28 17:42:03.341989 -- price updated
2019-09-28 17:45:03.185957 -- price updated
2019-09-28 17:48:02.763456 -- price updated
2019-09-28 17:51:02.834657 -- price updated
2019-09-28 17:54:03.163491 -- price updated
2019-09-28 17:57:02.487060 -- price updated
2019-09-28 18:00:03.576271 -- price updated
2019-09-28 18:03:02.957937 -- price updated
2019-09-28 18:06:02.322859 -- price updated
2019-09-28 18:09:02.781018 -- price updated
2019-09-28 18:12:02.755731 -- price updated
2019-09-28 18:15:03.242545 -- price updated
2019-09-28 18:18:03.071159 -- price updated
2019-09-28 18:21:03.286153 -- price updated
2019-09-28 18:24:02.803245 -- price updated
2019-09-28 18:27:03.125657 -- price updated
2019-09-28 18:30:03.173730 -- price updated
2019-09-28 18:33:02.520301 -- price updated
2019-09-28 18:36:03.141794 -- price updated
2019-09-28 18:39:02.690214 -- price updated
2019-09-29 10:45:03.469739 -- price updated
2019-09-29 10:48:02.754916 -- price updated
2019-09-29 10:51:03.075204 -- price updated
2019-09-29 10:54:02.387120 -- price updated
2019-09-29 10:57:02.876261 -- price updated
2019-09-29 11:00:03.763551 -- price updated
2019-09-29 11:03:03.186893 -- price updated
2019-09-29 11:06:02.495379 -- price updated
2019-09-29 11:09:02.825470 -- price updated
2019-09-29 11:12:02.748822 -- price updated
2019-09-29 11:15:03.600843 -- price updated
2019-09-29 11:18:03.886152 -- price updated
2019-09-29 11:21:03.190536 -- price updated
2019-09-29 11:24:02.497662 -- price updated
2019-09-29 11:27:02.614863 -- price updated
2019-09-29 11:30:03.779924 -- price updated
2019-09-29 11:33:03.376121 -- price updated
2019-09-29 11:36:02.671056 -- price updated
2019-09-29 11:39:03.008575 -- price updated
2019-09-29 11:42:03.022006 -- price updated
2019-09-29 11:45:02.655050 -- price updated
2019-09-29 11:48:02.962847 -- price updated
2019-09-29 11:51:02.887474 -- price updated
2019-09-29 11:54:03.219291 -- price updated
2019-09-29 11:57:02.718229 -- price updated
2019-09-29 12:00:03.884852 -- price updated
2019-09-29 12:03:02.632546 -- price updated
2019-09-29 12:06:03.447085 -- price updated
2019-09-29 12:09:02.862897 -- price updated
2019-09-29 12:12:02.951846 -- price updated
2019-09-29 12:15:02.555487 -- price updated
2019-09-29 12:18:02.870435 -- price updated
2019-09-29 12:21:02.757057 -- price updated
2019-09-29 12:24:03.107322 -- price updated
2019-09-29 12:27:02.430751 -- price updated
2019-09-29 12:30:03.689546 -- price updated
2019-09-29 12:33:03.221620 -- price updated
2019-09-29 12:36:02.569594 -- price updated
2019-09-29 12:39:03.117171 -- price updated
2019-09-29 12:42:03.152618 -- price updated
2019-09-29 12:45:03.065760 -- price updated
2019-09-29 12:48:02.502876 -- price updated
2019-09-29 12:51:02.387726 -- price updated
2019-09-29 12:54:02.553393 -- price updated
2019-09-29 12:57:04.134253 -- price updated
2019-09-29 13:00:03.065343 -- price updated
2019-09-29 13:03:02.468787 -- price updated
2019-09-29 13:06:02.859789 -- price updated
2019-09-29 13:09:02.916271 -- price updated
2019-09-29 13:12:02.821531 -- price updated
2019-09-29 13:15:03.466224 -- price updated
2019-09-29 13:18:02.780792 -- price updated
2019-09-29 13:21:02.767427 -- price updated
2019-09-29 13:24:03.124976 -- price updated
2019-09-29 13:27:02.434906 -- price updated
2019-09-29 13:30:03.687403 -- price updated
2019-09-29 13:33:03.160130 -- price updated
2019-09-29 13:36:02.631838 -- price updated
2019-09-29 13:39:02.950553 -- price updated
2019-09-29 13:42:03.040120 -- price updated
2019-09-29 13:45:02.782089 -- price updated
2019-09-29 13:48:03.680178 -- price updated
2019-09-29 13:51:03.393761 -- price updated
2019-09-29 13:54:03.033177 -- price updated
2019-09-29 13:57:02.771553 -- price updated
2019-09-29 14:00:03.986698 -- price updated
2019-09-29 16:21:02.649544 -- price updated
2019-09-29 16:24:03.050718 -- price updated
2019-09-29 16:27:02.552967 -- price updated
2019-09-29 16:30:03.453702 -- price updated
2019-09-29 16:33:03.016498 -- price updated
2019-09-29 16:36:02.033873 -- price updated
2019-09-29 16:39:02.285944 -- price updated
2019-09-29 16:42:03.382629 -- price updated
2019-09-29 16:45:03.283053 -- price updated
2019-09-29 16:48:02.771957 -- price updated
2019-09-29 16:51:02.678638 -- price updated
2019-09-29 16:54:03.777536 -- price updated
2019-09-29 16:57:02.826276 -- price updated
2019-09-29 17:00:03.812487 -- price updated
2019-09-29 17:03:03.173151 -- price updated
2019-09-29 17:06:02.516980 -- price updated
2019-09-29 17:09:02.772530 -- price updated
2019-09-29 17:12:02.771895 -- price updated
2019-09-29 17:15:03.724506 -- price updated
2019-09-29 17:18:03.146793 -- price updated
2019-09-29 17:21:03.181715 -- price updated
2019-09-29 17:24:03.353266 -- price updated
2019-09-29 17:27:02.814644 -- price updated
2019-09-29 17:30:04.042147 -- price updated
2019-09-29 17:33:02.905081 -- price updated
2019-09-29 17:36:04.892368 -- price updated
2019-09-29 17:39:04.279020 -- price updated
2019-09-29 17:42:02.259949 -- price updated
2019-09-29 17:45:04.931718 -- price updated
2019-09-29 17:48:02.636260 -- price updated
2019-09-29 17:51:03.307888 -- price updated
2019-09-29 17:54:02.657593 -- price updated
2019-09-29 17:57:03.230839 -- price updated
2019-09-29 18:00:03.395549 -- price updated
2019-09-29 18:03:05.045726 -- price updated
2019-09-29 18:06:05.364782 -- price updated
2019-09-29 18:09:05.276975 -- price updated
2019-09-29 18:12:06.281943 -- price updated
2019-09-29 18:17:50.632133 -- price updated
2019-09-29 18:18:03.093585 -- price updated
2019-09-29 18:21:02.319235 -- price updated
2019-09-29 18:24:02.632907 -- price updated
2019-09-29 18:27:03.065130 -- price updated
2019-09-29 18:30:02.996881 -- price updated
2019-09-29 18:33:02.295409 -- price updated
2019-09-29 18:36:02.603224 -- price updated
2019-09-29 18:39:02.964636 -- price updated
2019-09-29 18:42:03.273549 -- price updated
2019-09-29 18:45:03.636467 -- price updated
2019-09-29 18:48:03.324700 -- price updated
2019-09-29 18:51:02.430284 -- price updated
2019-09-29 18:54:02.750489 -- price updated
2019-09-29 18:57:03.300921 -- price updated
2019-09-29 19:00:03.517874 -- price updated
2019-09-29 19:03:02.825831 -- price updated
2019-09-29 19:06:03.157519 -- price updated
2019-09-29 19:09:02.451920 -- price updated
2019-09-29 19:12:02.563912 -- price updated
2019-09-29 19:15:03.517258 -- price updated
2019-09-29 19:18:02.924482 -- price updated
2019-09-29 19:21:03.267274 -- price updated
2019-09-29 19:24:02.765135 -- price updated
2019-09-29 19:27:03.395610 -- price updated
2019-09-29 19:30:03.520675 -- price updated
2019-09-29 19:33:03.227116 -- price updated
2019-09-29 19:36:03.061595 -- price updated
2019-09-29 19:39:02.770294 -- price updated
2019-09-29 19:45:14.777324 -- price updated
2019-09-29 19:45:16.316312 -- price updated
2019-09-29 19:48:02.714292 -- price updated
2019-09-29 19:51:02.741233 -- price updated
2019-09-29 19:54:03.063746 -- price updated
2019-09-29 19:57:02.322367 -- price updated
2019-09-29 20:00:03.006849 -- price updated
2019-09-29 20:03:02.322894 -- price updated
2019-09-29 21:12:03.481740 -- price updated
2019-09-29 21:15:02.838500 -- price updated
2019-09-29 21:18:03.325140 -- price updated
2019-09-29 21:21:03.177152 -- price updated
2019-09-29 21:24:02.631692 -- price updated
2019-09-29 21:27:02.939309 -- price updated
2019-09-29 21:30:02.857699 -- price updated
2019-09-29 21:33:03.323760 -- price updated
2019-09-29 21:36:02.718061 -- price updated
2019-09-29 21:39:03.153258 -- price updated
2019-09-29 21:42:03.045914 -- price updated
2019-09-29 21:45:03.738995 -- price updated
2019-09-29 21:48:03.287362 -- price updated
2019-09-29 21:51:02.263884 -- price updated
2019-09-29 21:54:02.581050 -- price updated
2019-09-29 21:57:03.007940 -- price updated
2019-09-29 22:00:02.822680 -- price updated
2019-09-29 22:03:03.152588 -- price updated
2019-09-29 22:06:02.523198 -- price updated
2019-09-29 22:09:02.890615 -- price updated
2019-09-29 22:12:03.230930 -- price updated
2019-09-29 22:15:03.157068 -- price updated
2019-09-29 22:18:02.667602 -- price updated
2019-09-29 22:21:02.989495 -- price updated
2019-09-29 22:24:02.292911 -- price updated
2019-09-29 22:27:02.710582 -- price updated
2019-09-29 22:30:04.059107 -- price updated
2019-09-29 22:33:02.552113 -- price updated
2019-09-29 22:36:03.078268 -- price updated
2019-09-29 22:39:02.480502 -- price updated
2019-09-29 22:42:02.506747 -- price updated
2019-09-29 22:45:03.248516 -- price updated
2019-09-29 22:48:02.546084 -- price updated
2019-09-29 22:51:02.460475 -- price updated
2019-09-29 22:54:03.085107 -- price updated
2019-09-29 22:57:02.523767 -- price updated
2019-09-29 23:00:03.544950 -- price updated
2019-09-29 23:03:02.845874 -- price updated
2019-09-29 23:06:03.057598 -- price updated
2019-09-29 23:09:02.354101 -- price updated
2019-09-29 23:12:03.011164 -- price updated
2019-09-29 23:15:02.698967 -- price updated
2019-09-29 23:18:03.214784 -- price updated
2019-09-29 23:21:03.078430 -- price updated
2019-09-29 23:24:02.567198 -- price updated
2019-09-30 10:57:09.986242 -- price updated
2019-09-30 11:00:02.908770 -- price updated
2019-09-30 11:03:03.242888 -- price updated
2019-09-30 11:06:02.532630 -- price updated
2019-09-30 11:09:03.003725 -- price updated
2019-09-30 11:12:03.064975 -- price updated
2019-09-30 11:15:02.867803 -- price updated
2019-09-30 11:18:03.102978 -- price updated
2019-09-30 11:21:03.430182 -- price updated
2019-09-30 11:24:02.842686 -- price updated
2019-09-30 11:27:03.277961 -- price updated
2019-09-30 11:30:03.353384 -- price updated
2019-09-30 11:33:02.648300 -- price updated
2019-09-30 11:36:03.145983 -- price updated
2019-09-30 11:39:02.456953 -- price updated
2019-09-30 11:42:02.446353 -- price updated
2019-09-30 11:45:03.410125 -- price updated
2019-09-30 11:48:02.815832 -- price updated
2019-09-30 11:51:02.932867 -- price updated
2019-09-30 11:54:02.399923 -- price updated
2019-09-30 11:57:02.800279 -- price updated
2019-09-30 12:42:11.262484 -- price updated
2019-09-30 12:45:02.981173 -- price updated
2019-09-30 12:48:02.264222 -- price updated
2019-09-30 12:51:03.425036 -- price updated
2019-09-30 12:54:02.618677 -- price updated
2019-09-30 12:57:02.829395 -- price updated
2019-09-30 13:00:03.512192 -- price updated
2019-09-30 13:03:02.717953 -- price updated
2019-09-30 13:06:03.172542 -- price updated
2019-09-30 13:09:07.368505 -- price updated
2019-09-30 13:12:02.308034 -- price updated
2019-09-30 13:15:03.004735 -- price updated
2019-09-30 13:18:02.309092 -- price updated
2019-09-30 13:21:03.157370 -- price updated
2019-09-30 13:24:02.083438 -- price updated
2019-09-30 13:27:02.344583 -- price updated
2019-09-30 13:30:03.176411 -- price updated
2019-09-30 13:33:02.664220 -- price updated
2019-09-30 13:36:03.072622 -- price updated
2019-09-30 13:39:02.388299 -- price updated
2019-09-30 13:42:02.229844 -- price updated
2019-09-30 13:45:02.902315 -- price updated
2019-09-30 13:48:03.269072 -- price updated
2019-09-30 13:51:03.250697 -- price updated
2019-09-30 13:54:02.560404 -- price updated
2019-09-30 13:57:02.795842 -- price updated
2019-09-30 14:00:03.620259 -- price updated
2019-09-30 14:03:02.927072 -- price updated
2019-09-30 14:06:02.350065 -- price updated
2019-09-30 14:09:02.802512 -- price updated
2019-09-30 14:12:02.917517 -- price updated
2019-09-30 14:15:03.788169 -- price updated
2019-09-30 14:18:03.065885 -- price updated
2019-09-30 14:21:02.980486 -- price updated
2019-09-30 14:24:02.196314 -- price updated
2019-09-30 14:27:02.583269 -- price updated
2019-09-30 14:30:03.725656 -- price updated
2019-09-30 14:33:03.065044 -- price updated
2019-09-30 14:36:02.441257 -- price updated
2019-09-30 14:39:02.765076 -- price updated
2019-09-30 14:42:02.720255 -- price updated
2019-09-30 14:45:03.422879 -- price updated
2019-09-30 14:48:02.825163 -- price updated
2019-09-30 14:51:02.742724 -- price updated
2019-09-30 14:54:02.981035 -- price updated
2019-09-30 14:57:03.018982 -- price updated
2019-09-30 15:00:03.040593 -- price updated
2019-09-30 15:03:02.345254 -- price updated
2019-09-30 15:06:02.793960 -- price updated
2019-09-30 15:09:03.421099 -- price updated
2019-09-30 15:12:02.415606 -- price updated
2019-09-30 15:15:03.340114 -- price updated
2019-09-30 15:18:03.075270 -- price updated
2019-09-30 15:21:03.100568 -- price updated
2019-09-30 15:24:02.396207 -- price updated
2019-09-30 15:27:03.026184 -- price updated
2019-09-30 15:30:02.996219 -- price updated
2019-09-30 15:33:02.353348 -- price updated
2019-09-30 15:36:03.011173 -- price updated
2019-09-30 15:39:02.299647 -- price updated
2019-09-30 15:42:02.213724 -- price updated
2019-09-30 15:45:02.950346 -- price updated
2019-09-30 15:48:02.456793 -- price updated
2019-09-30 15:51:02.482249 -- price updated
2019-09-30 15:54:02.788099 -- price updated
2019-09-30 15:57:03.118445 -- price updated
2019-09-30 16:00:03.638973 -- price updated
2019-09-30 16:03:03.144325 -- price updated
2019-09-30 16:06:02.487782 -- price updated
2019-09-30 16:09:02.883801 -- price updated
2019-09-30 16:12:02.691348 -- price updated
2019-09-30 16:15:03.343997 -- price updated
2019-09-30 16:18:02.524222 -- price updated
2019-09-30 16:21:02.533246 -- price updated
2019-09-30 16:24:02.899944 -- price updated
2019-09-30 16:27:03.214189 -- price updated
2019-09-30 16:30:03.068014 -- price updated
2019-09-30 16:33:02.214860 -- price updated
2019-09-30 16:36:02.935143 -- price updated
2019-09-30 16:39:02.304519 -- price updated
2019-09-30 16:42:02.839939 -- price updated
2019-09-30 16:45:03.570938 -- price updated
2019-09-30 16:48:02.847439 -- price updated
2019-09-30 16:51:02.784226 -- price updated
2019-09-30 16:54:03.125366 -- price updated
2019-09-30 16:57:02.447565 -- price updated
2019-09-30 17:00:03.309764 -- price updated
2019-09-30 17:03:02.538965 -- price updated
2019-09-30 17:06:02.858854 -- price updated
2019-09-30 17:09:03.123267 -- price updated
2019-09-30 17:12:02.836019 -- price updated
2019-09-30 17:15:03.577385 -- price updated
2019-09-30 17:18:02.856505 -- price updated
2019-09-30 17:21:02.755822 -- price updated
2019-09-30 17:24:03.010902 -- price updated
2019-09-30 17:27:02.388143 -- price updated
2019-09-30 17:30:03.251672 -- price updated
2019-09-30 17:33:02.531874 -- price updated
2019-09-30 17:36:02.976098 -- price updated
2019-09-30 17:39:02.291344 -- price updated
2019-09-30 17:42:03.349624 -- price updated
2019-09-30 17:45:03.291848 -- price updated
2019-09-30 17:48:02.543520 -- price updated
2019-09-30 17:51:02.688990 -- price updated
2019-09-30 17:54:02.992206 -- price updated
2019-09-30 17:57:02.421146 -- price updated
2019-09-30 18:00:03.413940 -- price updated
2019-09-30 18:03:02.668972 -- price updated
2019-09-30 18:06:03.036194 -- price updated
2019-09-30 18:09:02.379640 -- price updated
2019-09-30 18:12:02.315289 -- price updated
2019-09-30 18:15:03.842172 -- price updated
2019-09-30 18:18:02.596972 -- price updated
2019-09-30 18:21:02.589882 -- price updated
2019-09-30 18:24:02.209753 -- error retrieving data
Traceback (most recent call last):
  File "/home/andrea/Desktop/paywac_website_v02/cronjob_scripts/cron_update_gas_price.py", line 40, in <module>
    gas_price.standard_gas_price = avg_price
NameError: name 'avg_price' is not defined
2019-09-30 20:06:10.806136 -- price updated
2019-09-30 20:09:03.043394 -- price updated
2019-09-30 20:12:03.483676 -- price updated
2019-09-30 20:15:03.478931 -- price updated
2019-09-30 20:18:03.110370 -- price updated
2019-09-30 20:21:03.336940 -- price updated
2019-09-30 20:24:03.035663 -- price updated
2019-09-30 20:27:02.247635 -- price updated
2019-09-30 20:30:03.361402 -- price updated
2019-09-30 20:33:02.751483 -- price updated
2019-09-30 20:36:03.433973 -- price updated
2019-09-30 20:39:02.969344 -- price updated
2019-09-30 20:42:02.592035 -- price updated
2019-09-30 20:45:03.587672 -- price updated
2019-09-30 20:48:03.204390 -- price updated
2019-09-30 20:51:03.236757 -- price updated
2019-09-30 20:54:02.753228 -- price updated
2019-09-30 20:57:02.876549 -- price updated
2019-09-30 21:00:03.957581 -- price updated
2019-09-30 21:03:02.387891 -- price updated
2019-09-30 21:06:02.697194 -- price updated
2019-09-30 21:09:02.937405 -- price updated
2019-09-30 21:12:02.974334 -- price updated
2019-09-30 21:15:02.752349 -- price updated
2019-09-30 21:18:03.110732 -- price updated
2019-09-30 21:21:03.533146 -- price updated
2019-09-30 21:24:03.029090 -- price updated
2019-09-30 21:27:02.445275 -- price updated
2019-09-30 21:30:03.705743 -- price updated
2019-09-30 21:33:02.835271 -- price updated
2019-09-30 21:36:03.319427 -- price updated
2019-09-30 21:39:02.751495 -- price updated
2019-09-30 21:42:02.861199 -- price updated
2019-09-30 21:45:04.032277 -- price updated
2019-09-30 21:48:02.608783 -- price updated
2019-09-30 21:51:03.089253 -- price updated
2019-10-01 11:19:08.770021 -- error retrieving data
Traceback (most recent call last):
  File "/home/andrea/Desktop/paywac_website_v02/cronjob_scripts/cron_update_gas_price.py", line 40, in <module>
    gas_price.standard_gas_price = avg_price
NameError: name 'avg_price' is not defined
2019-10-01 11:21:03.245768 -- price updated
2019-10-01 11:24:02.542487 -- price updated
2019-10-01 11:27:02.829555 -- price updated
2019-10-01 11:30:03.587358 -- price updated
2019-10-01 11:54:04.781452 -- price updated
2019-10-01 11:57:03.097189 -- price updated
2019-10-01 12:00:46.390451 -- price updated
2019-10-01 12:03:03.316488 -- price updated
2019-10-01 12:06:02.792262 -- price updated
2019-10-01 12:09:03.473876 -- price updated
2019-10-01 12:12:02.661817 -- price updated
2019-10-01 12:15:03.321359 -- price updated
2019-10-01 12:18:03.896263 -- price updated
2019-10-01 12:21:04.880281 -- price updated
2019-10-01 12:24:02.408049 -- price updated
2019-10-01 12:27:02.853570 -- price updated
2019-10-01 12:30:03.716278 -- price updated
2019-10-01 12:33:03.113282 -- price updated
2019-10-01 12:36:02.745358 -- price updated
2019-10-01 12:39:03.366548 -- price updated
2019-10-01 12:42:02.797266 -- price updated
2019-10-01 12:45:04.425781 -- price updated
2019-10-02 11:27:02.986299 -- price updated
2019-10-02 11:30:03.119815 -- price updated
2019-10-02 11:33:02.524368 -- price updated
2019-10-02 11:36:02.769439 -- price updated
2019-10-02 11:39:03.565704 -- price updated
2019-10-02 11:42:02.659375 -- price updated
2019-10-02 11:45:03.632300 -- price updated
2019-10-02 11:48:02.943269 -- price updated
2019-10-02 11:51:03.062096 -- price updated
2019-10-02 11:54:02.343246 -- price updated
2019-10-02 11:57:02.559361 -- price updated
2019-10-03 10:03:42.252963 -- price updated
2019-10-03 10:06:02.418395 -- price updated
2019-10-03 10:09:02.756866 -- price updated
2019-10-03 10:12:02.551733 -- price updated
2019-10-03 10:15:03.412220 -- price updated
2019-10-03 10:18:02.808594 -- price updated
2019-10-03 10:21:02.702215 -- price updated
2019-10-03 10:24:03.070050 -- price updated
2019-10-03 10:27:02.356140 -- price updated
2019-10-03 10:30:03.077931 -- price updated
2019-10-03 10:33:02.274182 -- price updated
2019-10-03 10:36:02.491205 -- price updated
2019-10-03 10:39:02.932784 -- price updated
2019-10-03 10:42:02.759780 -- price updated
2019-10-03 10:45:03.511255 -- price updated
2019-10-03 10:48:02.701008 -- price updated
2019-10-03 10:51:02.624452 -- price updated
2019-10-03 10:54:02.836875 -- price updated
2019-10-03 10:57:03.229324 -- price updated
2019-10-03 11:00:03.604723 -- price updated
2019-10-03 11:03:03.382327 -- price updated
2019-10-03 11:06:02.737700 -- price updated
2019-10-03 11:09:03.158266 -- price updated
2019-10-03 11:12:03.187931 -- price updated
2019-10-03 11:15:02.574122 -- price updated
2019-10-03 11:18:04.260143 -- price updated
2019-10-03 11:21:02.776034 -- price updated
2019-10-03 11:24:03.276294 -- price updated
2019-10-03 11:27:02.663468 -- price updated
2019-10-03 11:30:03.372711 -- price updated
2019-10-03 11:33:02.684979 -- price updated
2019-10-03 11:36:03.061690 -- price updated
2019-10-03 11:39:02.420899 -- price updated
2019-10-03 12:54:03.004952 -- price updated
2019-10-03 14:36:02.284542 -- price updated
2019-10-03 14:39:02.480567 -- price updated
2019-10-03 14:42:02.283962 -- price updated
2019-10-03 14:45:02.511703 -- price updated
2019-10-03 14:48:02.830316 -- price updated
2019-10-03 14:51:02.741918 -- price updated
2019-10-03 14:54:02.966792 -- price updated
2019-10-03 14:57:02.294432 -- price updated
2019-10-03 15:00:02.900958 -- price updated
2019-10-03 15:03:03.343676 -- price updated
2019-10-03 15:06:02.648948 -- price updated
2019-10-03 15:09:03.377836 -- price updated
2019-10-03 15:12:02.281720 -- price updated
2019-10-03 15:15:02.639913 -- price updated
2019-10-03 15:18:02.979465 -- price updated
2019-10-03 15:21:02.983356 -- price updated
2019-10-03 15:24:02.474384 -- price updated
2019-10-03 15:27:02.758135 -- price updated
2019-10-03 15:30:02.985159 -- price updated
2019-10-03 15:33:02.297915 -- price updated
2019-10-03 15:36:02.629809 -- price updated
2019-10-03 15:39:02.970114 -- price updated
2019-10-03 15:42:02.954248 -- price updated
2019-10-03 15:45:02.471817 -- price updated
2019-10-03 15:48:03.021934 -- price updated
2019-10-03 15:51:02.780722 -- price updated
2019-10-03 15:54:03.233406 -- price updated
2019-10-03 15:57:02.633038 -- price updated
2019-10-03 16:00:03.149949 -- price updated
2019-10-03 16:03:02.472017 -- price updated
2019-10-03 16:06:02.798321 -- price updated
2019-10-03 16:09:03.116225 -- price updated
2019-10-03 16:12:03.111623 -- price updated
2019-10-03 16:15:02.383589 -- price updated
2019-10-03 16:18:03.047136 -- price updated
2019-10-03 16:21:03.411046 -- price updated
2019-10-03 16:24:05.186570 -- price updated
2019-10-03 16:27:14.543263 -- price updated
2019-10-03 16:30:08.469962 -- price updated
2019-10-03 16:33:04.503274 -- price updated
2019-10-03 16:36:10.279576 -- price updated
2019-10-03 16:39:05.093603 -- price updated
2019-10-03 16:42:04.079274 -- price updated
2019-10-03 16:45:02.555917 -- price updated
2019-10-03 16:48:04.429120 -- price updated
2019-10-03 16:51:03.040334 -- price updated
2019-10-03 16:54:03.234649 -- price updated
2019-10-03 16:57:02.924204 -- price updated
2019-10-03 17:00:03.778923 -- price updated
2019-10-03 17:03:04.515262 -- price updated
2019-10-03 17:06:03.132951 -- price updated
2019-10-03 17:09:02.713326 -- price updated
2019-10-03 17:12:03.028674 -- price updated
2019-10-03 17:15:02.758720 -- price updated
2019-10-03 17:18:03.145015 -- price updated
2019-10-03 17:21:03.424256 -- price updated
2019-10-03 17:24:02.724390 -- price updated
2019-10-03 17:27:03.387854 -- price updated
2019-10-03 17:30:03.173446 -- price updated
2019-10-03 17:33:02.439711 -- price updated
2019-10-04 11:12:02.901979 -- price updated
2019-10-04 11:15:03.266246 -- price updated
2019-10-04 11:18:02.576618 -- price updated
2019-10-04 11:21:02.725222 -- price updated
2019-10-04 11:24:02.743325 -- price updated
2019-10-04 11:27:03.175300 -- price updated
2019-10-04 11:30:02.461380 -- price updated
2019-10-04 11:33:02.545646 -- price updated
2019-10-04 11:36:02.766908 -- price updated
2019-10-04 11:39:03.107901 -- price updated
2019-10-04 13:33:27.659808 -- error retrieving data
Traceback (most recent call last):
  File "/home/andrea/Desktop/paywac_website_v02/cronjob_scripts/cron_update_gas_price.py", line 40, in <module>
    gas_price.standard_gas_price = avg_price
NameError: name 'avg_price' is not defined
2019-10-04 13:36:02.783927 -- price updated
2019-10-04 13:39:02.884131 -- price updated
2019-10-04 13:42:02.809435 -- price updated
2019-10-04 13:45:03.092570 -- price updated
2019-10-04 13:48:03.855356 -- price updated
2019-10-04 13:51:02.996365 -- price updated
2019-10-04 13:54:02.258596 -- price updated
2019-10-04 13:57:02.387358 -- price updated
2019-10-04 14:00:03.048752 -- price updated
2019-10-04 14:03:02.096256 -- price updated
2019-10-04 14:06:02.357163 -- price updated
2019-10-04 14:09:03.402687 -- price updated
2019-10-04 14:12:02.562700 -- price updated
2019-10-04 14:15:02.939352 -- price updated
2019-10-04 14:18:02.363065 -- price updated
2019-10-04 14:21:02.509759 -- price updated
2019-10-04 14:24:02.539921 -- price updated
2019-10-04 14:27:02.864683 -- price updated
2019-10-04 14:30:04.803481 -- price updated
2019-10-04 14:33:02.862904 -- price updated
2019-10-04 14:36:04.160097 -- price updated
2019-10-04 14:39:02.156530 -- price updated
2019-10-04 14:42:03.096685 -- price updated
2019-10-04 14:45:02.711137 -- price updated
2019-10-04 14:48:02.731504 -- price updated
2019-10-04 14:51:02.690387 -- price updated
2019-10-04 14:54:03.155374 -- price updated
2019-10-04 14:57:02.184794 -- price updated
2019-10-04 15:00:03.393042 -- price updated
2019-10-04 15:03:02.842882 -- price updated
2019-10-04 15:06:03.118959 -- price updated
2019-10-04 15:09:02.427844 -- price updated
2019-10-04 15:12:02.504702 -- price updated
2019-10-04 15:15:02.663686 -- price updated
2019-10-04 15:18:02.858248 -- price updated
2019-10-04 15:21:03.262151 -- price updated
2019-10-04 15:24:02.674126 -- price updated
2019-10-04 15:27:03.017635 -- price updated
2019-10-04 15:30:02.892336 -- price updated
2019-10-04 15:33:02.727052 -- price updated
2019-10-04 15:36:03.040691 -- price updated
2019-10-04 15:39:02.357800 -- price updated
2019-10-04 15:42:02.362708 -- price updated
2019-10-04 15:45:02.992591 -- price updated
2019-10-04 15:48:02.065849 -- price updated
2019-10-04 15:51:03.051553 -- price updated
2019-10-04 15:54:02.475935 -- price updated
2019-10-04 15:57:02.906862 -- price updated
2019-10-04 16:00:03.343568 -- price updated
2019-10-04 16:03:02.420800 -- price updated
2019-10-04 16:06:02.772323 -- price updated
2019-10-04 16:09:03.094818 -- price updated
2019-10-04 16:12:03.112190 -- price updated
2019-10-04 16:15:02.494713 -- price updated
2019-10-04 16:18:04.178318 -- price updated
2019-10-04 16:21:02.940486 -- price updated
2019-10-04 16:24:02.199805 -- price updated
2019-10-04 16:27:02.677294 -- price updated
2019-10-04 16:30:02.982675 -- price updated
2019-10-04 16:33:02.319575 -- price updated
2019-10-04 16:36:02.533525 -- price updated
2019-10-04 16:39:02.758021 -- price updated
2019-10-04 16:42:02.423441 -- price updated
2019-10-04 16:45:02.947842 -- price updated
2019-10-04 16:48:02.344691 -- price updated
2019-10-04 16:51:02.087563 -- price updated
2019-10-04 16:54:02.375232 -- price updated
2019-10-04 16:57:02.786342 -- price updated
2019-10-04 17:00:03.551213 -- price updated
2019-10-04 17:03:02.603549 -- price updated
2019-10-04 17:36:02.985446 -- price updated
2019-10-04 17:39:02.374332 -- price updated
2019-10-04 17:42:02.889031 -- price updated
2019-10-04 17:45:03.773273 -- price updated
2019-10-04 17:48:05.151966 -- price updated
2019-10-04 17:51:02.383491 -- price updated
2019-10-04 17:54:02.692886 -- price updated
2019-10-04 17:57:03.242446 -- price updated
2019-10-04 18:00:02.719832 -- price updated
2019-10-04 18:03:02.984979 -- price updated
2019-10-04 18:06:02.176854 -- price updated
2019-10-04 18:09:03.621499 -- price updated
2019-10-04 18:12:02.654408 -- price updated
2019-10-04 18:15:03.293783 -- price updated
2019-10-04 18:18:02.593458 -- price updated
2019-10-04 18:21:02.736079 -- price updated
2019-10-04 18:24:02.800883 -- price updated
2019-10-04 18:27:02.988362 -- price updated
2019-10-04 18:30:02.778334 -- price updated
2019-10-04 18:33:03.669777 -- price updated
2019-10-04 18:36:02.835448 -- price updated
2019-10-04 18:39:03.411309 -- price updated
2019-10-04 18:42:03.715110 -- price updated
2019-10-04 18:45:03.734031 -- price updated
2019-10-04 18:48:03.477143 -- price updated
2019-10-04 18:51:03.079387 -- price updated
2019-10-04 18:54:02.788973 -- price updated
2019-10-04 18:57:02.846515 -- price updated
2019-10-04 19:00:03.967628 -- price updated
2019-10-04 19:03:02.383926 -- price updated
2019-10-04 22:24:43.284896 -- price updated
2019-10-04 22:27:02.393689 -- price updated
2019-10-04 22:30:03.601200 -- price updated
2019-10-04 22:33:03.192305 -- price updated
2019-10-04 22:36:02.707761 -- price updated
2019-10-04 22:39:02.736886 -- price updated
2019-10-04 22:42:02.619607 -- price updated
2019-10-04 22:45:03.269979 -- price updated
2019-10-04 22:48:02.692218 -- price updated
2019-10-04 22:51:02.576356 -- price updated
2019-10-04 22:54:02.653646 -- price updated
2019-10-04 22:57:02.915103 -- price updated
2019-10-04 23:00:02.944005 -- price updated
2019-10-04 23:03:02.209395 -- price updated
2019-10-04 23:06:02.487871 -- price updated
2019-10-04 23:09:02.978983 -- price updated
2019-10-04 23:12:02.740239 -- price updated
2019-10-04 23:15:03.566997 -- price updated
2019-10-04 23:18:02.733079 -- price updated
2019-10-04 23:21:02.501474 -- price updated
2019-10-04 23:24:02.896475 -- price updated
2019-10-04 23:27:03.236342 -- price updated
2019-10-04 23:30:02.944617 -- price updated
2019-10-04 23:33:02.043667 -- price updated
2019-10-04 23:36:02.708190 -- price updated
2019-10-04 23:39:02.839093 -- price updated
2019-10-04 23:42:02.565654 -- price updated
2019-10-04 23:45:03.698289 -- price updated
2019-10-04 23:48:02.857144 -- price updated
2019-10-04 23:51:02.802527 -- price updated
2019-10-04 23:54:03.075383 -- price updated
2019-10-05 13:21:03.437655 -- price updated
2019-10-05 13:24:03.669710 -- price updated
2019-10-05 13:27:03.250436 -- price updated
2019-10-05 13:30:03.320480 -- price updated
2019-10-05 13:33:02.774823 -- price updated
2019-10-05 13:36:03.036197 -- price updated
2019-10-05 13:39:02.245972 -- price updated
2019-10-05 13:42:02.725181 -- price updated
2019-10-05 13:45:03.709348 -- price updated
2019-10-05 13:48:02.786702 -- price updated
2019-10-05 13:51:02.686388 -- price updated
2019-10-05 13:54:02.990445 -- price updated
2019-10-05 13:57:01.980557 -- price updated
2019-10-05 14:00:03.095541 -- price updated
2019-10-05 14:03:02.426365 -- price updated
2019-10-05 14:06:02.502553 -- price updated
2019-10-05 14:09:02.896281 -- price updated
2019-10-05 14:12:03.148509 -- price updated
2019-10-05 14:15:03.232669 -- price updated
2019-10-05 14:18:02.384546 -- price updated
2019-10-05 14:21:02.615977 -- price updated
2019-10-05 14:24:02.938263 -- price updated
2019-10-05 14:27:02.191481 -- price updated
2019-10-05 14:30:03.052965 -- price updated
2019-10-05 14:33:02.254497 -- price updated
2019-10-05 14:36:02.295561 -- price updated
2019-10-05 14:39:02.842701 -- price updated
2019-10-05 14:42:02.745970 -- price updated
2019-10-05 14:45:03.602079 -- price updated
2019-10-05 14:48:02.747148 -- price updated
2019-10-05 14:51:02.345497 -- price updated
2019-10-05 14:54:02.606055 -- price updated
2019-10-05 14:57:03.157695 -- price updated
2019-10-05 15:00:03.268171 -- price updated
2019-10-05 15:03:03.718899 -- price updated
2019-10-05 15:06:04.577894 -- price updated
2019-10-05 15:09:02.680124 -- price updated
2019-10-05 15:12:03.110477 -- price updated
2019-10-05 15:15:02.470359 -- price updated
2019-10-05 15:18:02.606825 -- price updated
2019-10-05 15:21:02.617952 -- price updated
2019-10-05 15:24:02.917129 -- price updated
2019-10-05 15:27:02.229797 -- price updated
2019-10-05 15:30:03.285290 -- price updated
2019-10-05 15:33:02.346501 -- price updated
2019-10-05 15:36:02.713196 -- price updated
2019-10-05 15:39:02.762948 -- price updated
2019-10-05 15:42:02.756369 -- price updated
2019-10-05 15:45:03.600166 -- price updated
2019-10-05 15:48:03.105552 -- price updated
2019-10-05 15:51:03.127049 -- price updated
2019-10-05 15:54:02.240766 -- price updated
2019-10-05 15:57:02.270693 -- price updated
2019-10-05 16:00:03.025124 -- price updated
2019-10-05 16:03:02.376057 -- price updated
2019-10-05 16:06:02.775489 -- price updated
2019-10-05 16:09:03.296742 -- price updated
2019-10-05 16:12:02.475125 -- price updated
2019-10-05 16:15:03.274973 -- price updated
2019-10-05 16:18:02.547723 -- price updated
2019-10-05 16:21:02.233682 -- price updated
2019-10-05 16:24:02.377229 -- price updated
2019-10-05 16:27:02.712838 -- price updated
2019-10-05 16:30:03.327119 -- price updated
2019-10-05 16:33:02.467936 -- price updated
2019-10-05 16:36:02.761363 -- price updated
2019-10-05 16:39:02.707954 -- price updated
2019-10-05 16:42:02.593005 -- price updated
2019-10-05 16:45:03.314016 -- price updated
2019-10-05 16:48:02.387741 -- price updated
2019-10-05 16:51:02.348231 -- price updated
2019-10-05 16:54:02.504830 -- price updated
2019-10-05 16:57:02.885120 -- price updated
2019-10-05 17:00:03.621370 -- price updated
2019-10-05 17:03:02.704073 -- price updated
2019-10-05 17:06:02.839569 -- price updated
2019-10-05 17:09:05.462330 -- price updated
2019-10-05 17:12:02.608814 -- price updated
2019-10-05 17:15:03.531439 -- price updated
2019-10-05 17:18:05.233539 -- price updated
2019-10-05 17:21:03.081928 -- price updated
2019-10-05 17:24:04.747027 -- price updated
2019-10-05 17:27:03.169709 -- price updated
2019-10-05 17:30:03.556994 -- price updated
2019-10-05 17:33:03.227279 -- price updated
2019-10-05 17:36:03.247873 -- price updated
2019-10-05 17:39:03.004177 -- price updated
2019-10-05 17:42:03.130653 -- price updated
2019-10-05 17:45:02.963937 -- price updated
2019-10-05 17:48:02.490938 -- price updated
2019-10-05 17:51:04.213026 -- price updated
2019-10-05 17:54:02.874156 -- price updated
2019-10-05 17:57:03.188609 -- price updated
2019-10-05 18:00:03.188069 -- price updated
2019-10-05 18:03:02.335214 -- price updated
2019-10-05 18:06:02.805546 -- price updated
2019-10-05 18:09:03.240827 -- price updated
2019-10-05 18:12:02.316384 -- price updated
2019-10-05 18:15:03.081694 -- price updated
2019-10-05 18:18:02.395084 -- price updated
2019-10-05 18:21:02.382978 -- price updated
2019-10-05 18:24:02.509937 -- price updated
2019-10-05 18:27:02.729244 -- price updated
2019-10-05 18:30:03.528743 -- price updated
2019-10-05 18:33:02.591250 -- price updated
2019-10-05 18:36:02.831083 -- price updated
2019-10-05 18:39:03.087420 -- price updated
2019-10-05 18:42:02.588664 -- price updated
2019-10-05 18:45:03.975251 -- price updated
2019-10-05 18:48:01.931182 -- price updated
2019-10-05 18:51:02.911334 -- price updated
2019-10-05 18:54:02.921459 -- price updated
2019-10-05 18:57:03.283002 -- price updated
2019-10-05 19:00:03.141410 -- price updated
2019-10-05 19:03:02.468050 -- price updated
2019-10-05 19:06:02.484033 -- price updated
2019-10-05 19:09:02.703720 -- price updated
2019-10-05 19:12:02.517992 -- price updated
2019-10-05 19:15:02.928854 -- price updated
2019-10-05 19:18:02.380052 -- price updated
2019-10-05 19:21:02.279495 -- price updated
2019-10-05 19:24:02.329222 -- price updated
2019-10-05 19:27:02.740141 -- price updated
2019-10-05 19:30:03.485985 -- price updated
2019-10-05 19:33:02.889641 -- price updated
2019-10-05 19:36:03.126675 -- price updated
2019-10-05 19:39:02.199569 -- price updated
2019-10-05 19:42:03.175809 -- price updated
2019-10-05 19:45:02.774757 -- price updated
2019-10-05 19:48:02.778156 -- price updated
2019-10-05 21:00:47.898335 -- error retrieving data
Traceback (most recent call last):
  File "/home/andrea/Desktop/paywac_website_v02/cronjob_scripts/cron_update_gas_price.py", line 40, in <module>
    gas_price.standard_gas_price = avg_price
NameError: name 'avg_price' is not defined
2019-10-05 21:03:02.374162 -- price updated
2019-10-05 21:06:02.684623 -- price updated
2019-10-05 21:09:03.147595 -- price updated
2019-10-05 21:12:03.157541 -- price updated
2019-10-05 21:15:02.870421 -- price updated
2019-10-05 21:18:03.193080 -- price updated
2019-10-05 21:21:03.112098 -- price updated
2019-10-05 21:24:02.533427 -- price updated
2019-10-05 21:27:02.700028 -- price updated
2019-10-05 21:30:03.776716 -- price updated
2019-10-05 21:33:02.848214 -- price updated
2019-10-05 21:36:02.450585 -- price updated
2019-10-05 21:39:02.381763 -- price updated
2019-10-05 21:42:02.168873 -- price updated
2019-10-05 21:45:02.810034 -- price updated
2019-10-05 21:48:03.033446 -- price updated
2019-10-05 21:51:02.635558 -- price updated
2019-10-05 21:54:02.626930 -- price updated
2019-10-05 21:57:02.720042 -- price updated
2019-10-05 22:00:03.641763 -- price updated
2019-10-05 22:03:02.926915 -- price updated
2019-10-05 22:06:03.249979 -- price updated
2019-10-05 22:09:02.579032 -- price updated
2019-10-05 22:12:02.273212 -- price updated
2019-10-05 22:15:02.903962 -- price updated
2019-10-05 22:18:03.257312 -- price updated
2019-10-05 22:21:02.901655 -- price updated
2019-10-05 22:24:03.275929 -- price updated
2019-10-05 22:27:02.284316 -- price updated
2019-10-05 22:30:03.825804 -- price updated
2019-10-05 22:33:03.052433 -- price updated
2019-10-05 22:36:02.039667 -- price updated
2019-10-05 22:39:02.199639 -- price updated
2019-10-05 22:42:02.716599 -- price updated
2019-10-05 22:45:03.322319 -- price updated
2019-10-05 22:48:02.369039 -- price updated
2019-10-05 22:51:02.203774 -- price updated
2019-10-05 22:54:02.464911 -- price updated
2019-10-05 22:57:02.810186 -- price updated
2019-10-05 23:00:03.345603 -- price updated
2019-10-05 23:03:02.804737 -- price updated
2019-10-05 23:06:03.321911 -- price updated
2019-10-05 23:09:02.729732 -- price updated
2019-10-05 23:12:02.435464 -- price updated
2019-10-05 23:15:03.021476 -- price updated
2019-10-05 23:18:02.327300 -- price updated
2019-10-05 23:21:02.904175 -- price updated
2019-10-05 23:24:02.897317 -- price updated
2019-10-05 23:27:03.205229 -- price updated
2019-10-05 23:30:02.785046 -- price updated
2019-10-05 23:33:02.774761 -- price updated
2019-10-05 23:36:03.063908 -- price updated
2019-10-05 23:39:02.233472 -- price updated
2019-10-05 23:42:02.754398 -- price updated
2019-10-05 23:45:03.141164 -- price updated
2019-10-05 23:48:02.239155 -- price updated
2019-10-05 23:51:03.058303 -- price updated
2019-10-05 23:54:02.372578 -- price updated
2019-10-05 23:57:02.738768 -- price updated
2019-10-06 00:00:03.384178 -- price updated
2019-10-06 00:03:02.737328 -- price updated
2019-10-06 00:06:03.067472 -- price updated
2019-10-06 00:09:02.109768 -- price updated
2019-10-06 00:12:03.222521 -- price updated
2019-10-06 00:15:02.973546 -- price updated
2019-10-06 00:18:02.225108 -- price updated
2019-10-06 00:21:03.069100 -- price updated
2019-10-06 00:24:02.052053 -- price updated
2019-10-06 00:27:02.027751 -- price updated
2019-10-06 00:30:02.463777 -- price updated
2019-10-06 00:33:02.515741 -- price updated
2019-10-06 00:36:02.478385 -- price updated
2019-10-06 00:39:02.801051 -- price updated
2019-10-06 00:42:02.592944 -- price updated
2019-10-06 00:45:02.920591 -- price updated
2019-10-06 00:48:01.891117 -- price updated
2019-10-06 00:51:02.427660 -- price updated
2019-10-06 00:54:02.361279 -- price updated
2019-10-06 00:57:02.618035 -- price updated
2019-10-06 01:00:03.436636 -- price updated
2019-10-06 01:03:02.740234 -- price updated
2019-10-06 01:06:03.068071 -- price updated
2019-10-06 01:09:02.255401 -- price updated
2019-10-06 01:12:03.135504 -- price updated
2019-10-06 01:15:02.477328 -- price updated
2019-10-06 01:18:02.742369 -- price updated
2019-10-06 01:21:02.690740 -- price updated
2019-10-06 01:24:02.648022 -- price updated
2019-10-06 01:27:02.915534 -- price updated
2019-10-06 01:30:03.482109 -- price updated
2019-10-06 01:33:02.875257 -- price updated
2019-10-06 01:36:03.384520 -- price updated
2019-10-06 01:39:02.606995 -- price updated
2019-10-06 01:42:02.192237 -- price updated
2019-10-06 01:45:02.729272 -- price updated
2019-10-06 01:48:02.679983 -- price updated
2019-10-06 01:51:02.197487 -- price updated
2019-10-06 01:54:02.382229 -- price updated
2019-10-06 01:57:02.526632 -- price updated
2019-10-06 02:00:02.919119 -- price updated
2019-10-06 02:03:03.573527 -- price updated
2019-10-06 02:06:02.765313 -- price updated
2019-10-06 02:09:02.998662 -- price updated
2019-10-06 02:12:02.619000 -- price updated
2019-10-06 02:15:03.236588 -- price updated
2019-10-06 02:18:02.438426 -- price updated
2019-10-06 02:21:02.031368 -- price updated
2019-10-06 02:24:02.281252 -- price updated
2019-10-06 02:27:02.541992 -- price updated
2019-10-06 02:30:03.140633 -- price updated
2019-10-06 02:33:02.770675 -- price updated
2019-10-06 02:36:02.981995 -- price updated
2019-10-06 02:39:01.947721 -- price updated
2019-10-06 02:42:02.731401 -- price updated
2019-10-06 02:45:03.347011 -- price updated
2019-10-06 02:48:02.607284 -- price updated
2019-10-06 02:51:02.470441 -- price updated
2019-10-06 02:54:02.410207 -- price updated
2019-10-06 02:57:02.711726 -- price updated
2019-10-06 03:00:03.574044 -- price updated
2019-10-06 03:03:02.577709 -- price updated
2019-10-06 03:06:02.532585 -- price updated
2019-10-06 03:09:02.476446 -- price updated
2019-10-06 03:12:02.305137 -- price updated
2019-10-06 03:15:02.936163 -- price updated
2019-10-06 03:18:01.926178 -- price updated
2019-10-06 03:21:02.488042 -- price updated
2019-10-06 03:24:02.796820 -- price updated
2019-10-06 03:27:03.021479 -- price updated
2019-10-06 03:30:02.945948 -- price updated
2019-10-06 03:33:03.007881 -- price updated
2019-10-06 03:36:01.964014 -- price updated
2019-10-06 03:39:02.220735 -- price updated
2019-10-06 03:42:03.029644 -- price updated
2019-10-06 03:45:02.327050 -- price updated
2019-10-06 03:48:02.331848 -- price updated
2019-10-06 03:51:03.096874 -- price updated
2019-10-06 03:54:02.300043 -- price updated
2019-10-06 03:57:02.549082 -- price updated
2019-10-06 04:00:03.286054 -- price updated
2019-10-06 04:03:02.589926 -- price updated
2019-10-06 04:06:02.673743 -- price updated
2019-10-06 04:09:02.922911 -- price updated
2019-10-06 04:12:02.728253 -- price updated
2019-10-06 04:15:03.360759 -- price updated
2019-10-06 04:18:02.336898 -- price updated
2019-10-06 04:21:03.197046 -- price updated
2019-10-06 04:24:02.497231 -- price updated
2019-10-06 04:27:02.478902 -- price updated
2019-10-06 04:30:03.258516 -- price updated
2019-10-06 04:33:02.365027 -- price updated
2019-10-06 04:36:02.604921 -- price updated
2019-10-06 04:39:02.810605 -- price updated
2019-10-06 04:42:02.372018 -- price updated
2019-10-06 04:45:02.721675 -- price updated
2019-10-06 04:48:02.979416 -- price updated
2019-10-06 04:51:02.799229 -- price updated
2019-10-06 04:54:03.038768 -- price updated
2019-10-06 04:57:02.241262 -- price updated
2019-10-06 05:00:02.860982 -- price updated
2019-10-06 05:03:03.179437 -- price updated
2019-10-06 05:06:02.408865 -- price updated
2019-10-06 05:09:02.720488 -- price updated
2019-10-06 05:12:02.221227 -- price updated
2019-10-06 05:15:02.853795 -- price updated
2019-10-06 05:18:02.850652 -- price updated
2019-10-06 05:21:02.411144 -- price updated
2019-10-06 05:24:02.633103 -- price updated
2019-10-06 05:27:02.942238 -- price updated
2019-10-06 05:30:02.855556 -- price updated
2019-10-06 05:33:02.775512 -- price updated
2019-10-06 05:36:02.725661 -- price updated
2019-10-06 05:39:02.700752 -- price updated
2019-10-06 05:42:02.562597 -- price updated
2019-10-06 05:45:03.197211 -- price updated
2019-10-06 05:48:02.605199 -- price updated
2019-10-06 05:51:02.489875 -- price updated
2019-10-06 05:54:02.717416 -- price updated
2019-10-06 05:57:03.151178 -- price updated
2019-10-06 06:00:02.658927 -- price updated
2019-10-06 06:03:02.883326 -- price updated
2019-10-06 06:06:03.154114 -- price updated
2019-10-06 06:09:02.377669 -- price updated
2019-10-06 06:12:02.226963 -- price updated
2019-10-06 06:15:02.777323 -- price updated
2019-10-06 06:18:02.986985 -- price updated
2019-10-06 06:21:02.811967 -- price updated
2019-10-06 06:24:02.713386 -- price updated
2019-10-06 06:27:02.709320 -- price updated
2019-10-06 06:30:03.408835 -- price updated
2019-10-06 06:33:02.402915 -- price updated
2019-10-06 06:36:02.716653 -- price updated
2019-10-06 06:39:03.035572 -- price updated
2019-10-06 06:42:02.619288 -- price updated
2019-10-06 06:45:03.172870 -- price updated
2019-10-06 06:48:02.155864 -- price updated
2019-10-06 06:51:03.009977 -- price updated
2019-10-06 06:54:01.938673 -- price updated
2019-10-06 06:57:02.244873 -- price updated
2019-10-06 07:00:02.997734 -- price updated
2019-10-06 07:03:02.172707 -- price updated
2019-10-06 07:06:02.400978 -- price updated
2019-10-06 07:09:02.652607 -- price updated
2019-10-06 07:12:02.165039 -- price updated
2019-10-06 07:15:02.801972 -- price updated
2019-10-06 07:18:03.106955 -- price updated
2019-10-06 07:21:02.925508 -- price updated
2019-10-06 07:24:02.865635 -- price updated
2019-10-06 07:27:03.163515 -- price updated
2019-10-06 07:30:02.784829 -- price updated
2019-10-06 07:33:03.111134 -- price updated
2019-10-06 07:36:02.407471 -- price updated
2019-10-06 07:39:02.736679 -- price updated
2019-10-06 07:42:02.677720 -- price updated
2019-10-06 07:45:03.290355 -- price updated
2019-10-06 07:48:02.207279 -- price updated
2019-10-06 07:51:02.975650 -- price updated
2019-10-06 07:54:02.124531 -- price updated
2019-10-06 07:57:02.083637 -- price updated
2019-10-06 08:00:02.589347 -- price updated
2019-10-06 08:03:02.938722 -- price updated
2019-10-06 08:06:01.930439 -- price updated
2019-10-06 08:09:03.154245 -- price updated
2019-10-06 08:12:02.749665 -- price updated
2019-10-06 08:15:03.384328 -- price updated
2019-10-06 08:18:02.346594 -- price updated
2019-10-06 08:21:02.924529 -- price updated
2019-10-06 08:24:03.256771 -- price updated
2019-10-06 08:27:02.567940 -- price updated
2019-10-06 08:30:03.384414 -- price updated
2019-10-06 08:33:02.313918 -- price updated
2019-10-06 08:36:02.523610 -- price updated
2019-10-06 08:39:02.728590 -- price updated
2019-10-06 08:42:02.274823 -- price updated
2019-10-06 08:45:03.077271 -- price updated
2019-10-06 08:48:02.400296 -- price updated
2019-10-06 08:51:01.993141 -- price updated
2019-10-06 08:54:02.239243 -- price updated
2019-10-06 08:57:02.781639 -- price updated
2019-10-06 09:00:03.701249 -- price updated
2019-10-06 09:03:02.717028 -- price updated
2019-10-06 09:06:02.772657 -- price updated
2019-10-06 09:09:02.944456 -- price updated
2019-10-06 09:12:02.757539 -- price updated
2019-10-06 09:15:03.120400 -- price updated
2019-10-06 09:18:02.710378 -- price updated
2019-10-06 09:21:02.469615 -- price updated
2019-10-06 09:24:02.639481 -- price updated
2019-10-06 09:27:02.968800 -- price updated
2019-10-06 09:30:02.601125 -- price updated
2019-10-06 09:33:02.584284 -- price updated
2019-10-06 09:36:02.827695 -- price updated
2019-10-06 09:39:02.824221 -- price updated
2019-10-06 09:42:02.330420 -- price updated
2019-10-06 09:45:02.611580 -- price updated
2019-10-06 09:48:03.010650 -- price updated
2019-10-06 09:51:02.640050 -- price updated
2019-10-06 09:54:02.850762 -- price updated
2019-10-06 09:57:03.076770 -- price updated
2019-10-06 10:00:02.607719 -- price updated
2019-10-06 10:03:02.910606 -- price updated
2019-10-06 10:06:02.865245 -- price updated
2019-10-06 10:09:02.963956 -- price updated
2019-10-06 10:12:02.765561 -- price updated
2019-10-06 10:15:03.112580 -- price updated
2019-10-06 10:18:02.399549 -- price updated
2019-10-06 13:42:33.951574 -- price updated
2019-10-06 13:45:02.603938 -- price updated
2019-10-06 13:48:02.641502 -- price updated
2019-10-06 13:51:02.527823 -- price updated
2019-10-06 13:54:02.888439 -- price updated
2019-10-06 13:57:02.998950 -- price updated
2019-10-06 14:00:02.922822 -- price updated
2019-10-06 14:03:02.299007 -- price updated
2019-10-06 14:06:02.646677 -- price updated
2019-10-06 14:09:02.880377 -- price updated
2019-10-06 14:12:02.802802 -- price updated
2019-10-06 14:15:03.622218 -- price updated
2019-10-06 14:18:02.275283 -- price updated
2019-10-06 14:21:02.856424 -- price updated
2019-10-06 14:24:02.819858 -- price updated
2019-10-06 14:27:03.080208 -- price updated
2019-10-06 14:30:03.031742 -- price updated
2019-10-06 14:33:02.414626 -- price updated
2019-10-06 14:36:02.701756 -- price updated
2019-10-06 14:39:03.040990 -- price updated
2019-10-06 14:42:02.878332 -- price updated
2019-10-06 14:45:03.254282 -- price updated
2019-10-06 14:48:02.473677 -- price updated
2019-10-06 14:51:02.529362 -- price updated
2019-10-06 14:54:02.947462 -- price updated
2019-10-06 14:57:01.939319 -- price updated
2019-10-06 15:00:02.469757 -- price updated
2019-10-06 15:03:02.805060 -- price updated
2019-10-06 15:06:02.824754 -- price updated
2019-10-06 15:09:03.052714 -- price updated
2019-10-06 15:12:02.624271 -- price updated
2019-10-06 15:15:03.138071 -- price updated
2019-10-06 15:18:02.523272 -- price updated
2019-10-06 15:21:02.532775 -- price updated
2019-10-06 15:24:02.855584 -- price updated
2019-10-06 15:27:03.000903 -- price updated
2019-10-06 15:30:02.883759 -- price updated
2019-10-06 15:33:03.115571 -- price updated
2019-10-06 15:36:02.318396 -- price updated
2019-10-06 15:39:02.296726 -- price updated
2019-10-06 15:42:03.179142 -- price updated
2019-10-06 15:45:02.811812 -- price updated
2019-10-06 15:48:03.007654 -- price updated
2019-10-06 15:51:02.829989 -- price updated
2019-10-06 18:24:02.877024 -- price updated
2019-10-06 18:27:02.908472 -- price updated
2019-10-06 18:30:03.520518 -- price updated
2019-10-06 18:33:02.859162 -- price updated
2019-10-06 18:36:03.276311 -- price updated
2019-10-06 18:39:02.307034 -- price updated
2019-10-06 18:42:03.376290 -- price updated
2019-10-06 18:45:03.037673 -- price updated
2019-10-06 18:48:02.394618 -- price updated
2019-10-06 18:51:02.447561 -- price updated
2019-10-06 18:54:02.699011 -- price updated
2019-10-06 18:57:04.376872 -- price updated
2019-10-07 14:57:02.406295 -- price updated
2019-10-07 15:00:03.714653 -- price updated
2019-10-07 15:03:03.095240 -- price updated
2019-10-07 15:06:02.123665 -- price updated
2019-10-07 15:09:02.409511 -- price updated
2019-10-07 15:12:01.930499 -- price updated
2019-10-07 15:15:02.290078 -- price updated
2019-10-07 15:18:02.579792 -- price updated
2019-10-07 15:21:02.570824 -- price updated
2019-10-07 15:24:02.808653 -- price updated
2019-10-07 15:27:02.886222 -- price updated
2019-10-07 15:30:04.070214 -- price updated
2019-10-07 15:33:02.227297 -- price updated
2019-10-07 15:36:02.575501 -- price updated
2019-10-07 15:39:03.120268 -- price updated
2019-10-07 15:42:03.067841 -- price updated
2019-10-07 15:45:02.687779 -- price updated
2019-10-07 15:48:02.847553 -- price updated
2019-10-07 15:51:02.445267 -- price updated
2019-10-07 15:54:02.466449 -- price updated
2019-10-07 15:57:02.507211 -- price updated
2019-10-07 16:00:03.395166 -- price updated
2019-10-07 16:03:02.897752 -- price updated
2019-10-07 16:06:03.349572 -- price updated
2019-10-07 16:09:02.754304 -- price updated
2019-10-07 16:12:02.547297 -- price updated
2019-10-07 16:15:03.229898 -- price updated
2019-10-07 16:18:02.211226 -- price updated
2019-10-07 16:21:02.986471 -- price updated
2019-10-07 16:24:01.953114 -- price updated
2019-10-07 16:27:02.242806 -- price updated
2019-10-07 16:30:02.941004 -- price updated
2019-10-07 16:33:02.028125 -- price updated
2019-10-07 16:36:04.295778 -- price updated
2019-10-07 16:39:02.722474 -- price updated
2019-10-07 16:42:02.654544 -- price updated
2019-10-07 16:45:03.152963 -- price updated
2019-10-07 16:48:02.378513 -- price updated
2019-10-07 16:51:02.656011 -- price updated
2019-10-07 16:54:02.929877 -- price updated
2019-10-07 16:57:02.276200 -- price updated
2019-10-07 17:00:03.246037 -- price updated
2019-10-07 17:03:02.708990 -- price updated
2019-10-07 17:06:02.999832 -- price updated
2019-10-07 17:09:02.254764 -- price updated
2019-10-07 17:12:02.917101 -- price updated
2019-10-07 17:15:03.566398 -- price updated
2019-10-07 17:18:02.892224 -- price updated
2019-10-07 17:21:02.765233 -- price updated
2019-10-07 17:24:02.735381 -- price updated
2019-10-07 17:27:02.967816 -- price updated
2019-10-07 17:30:02.970727 -- price updated
2019-10-07 17:33:02.294592 -- price updated
2019-10-07 17:36:02.310256 -- price updated
2019-10-07 17:39:02.427575 -- price updated
2019-10-07 17:42:02.365538 -- price updated
2019-10-07 17:45:02.934961 -- price updated
2019-10-07 17:48:01.999388 -- price updated
2019-10-07 17:51:02.642432 -- price updated
2019-10-07 17:54:02.959031 -- price updated
2019-10-07 17:57:02.567724 -- price updated
2019-10-07 18:00:03.306441 -- price updated
2019-10-07 18:12:02.775759 -- price updated
2019-10-07 18:15:03.315270 -- price updated
2019-10-07 21:57:02.875972 -- price updated
2019-10-07 22:00:03.833125 -- price updated
2019-10-07 22:03:01.952533 -- price updated
2019-10-07 22:06:02.144829 -- price updated
2019-10-07 22:09:02.390133 -- price updated
2019-10-07 22:12:01.942914 -- price updated
2019-10-07 22:15:02.774583 -- price updated
2019-10-07 22:18:02.878729 -- price updated
2019-10-07 22:21:02.452413 -- price updated
2019-10-07 22:24:02.923663 -- price updated
2019-10-07 22:27:02.192529 -- price updated
2019-10-08 09:54:02.435045 -- price updated
2019-10-08 09:57:02.805142 -- price updated
2019-10-08 10:00:03.609108 -- price updated
2019-10-08 10:03:02.892153 -- price updated
2019-10-08 10:06:02.886948 -- price updated
2019-10-08 10:09:03.472077 -- price updated
2019-10-08 11:06:02.280433 -- price updated
2019-10-08 11:09:02.519897 -- price updated
2019-10-08 11:12:02.619816 -- price updated
2019-10-08 11:15:02.803870 -- price updated
2019-10-08 11:18:02.764427 -- price updated
2019-10-08 11:21:02.302330 -- price updated
2019-10-08 11:24:02.588100 -- price updated
2019-10-08 11:27:02.843222 -- price updated
2019-10-08 11:30:03.397234 -- price updated
2019-10-08 11:33:02.726293 -- price updated
2019-10-08 11:36:03.039606 -- price updated
2019-10-08 11:39:02.975846 -- price updated
2019-10-08 11:42:02.553281 -- price updated
2019-10-08 11:45:03.161076 -- price updated
2019-10-08 11:48:02.170953 -- price updated
2019-10-08 11:51:03.124602 -- price updated
2019-10-08 11:54:02.293171 -- price updated
2019-10-08 13:39:03.140766 -- price updated
2019-10-08 13:42:02.025358 -- price updated
2019-10-08 13:45:02.097290 -- price updated
2019-10-08 13:48:02.160943 -- price updated
2019-10-08 13:51:02.794023 -- price updated
2019-10-08 13:54:03.053637 -- price updated
2019-10-08 13:57:02.924796 -- price updated
2019-10-08 14:00:03.033957 -- price updated
2019-10-08 14:03:01.998904 -- price updated
2019-10-08 14:06:02.260116 -- price updated
2019-10-08 14:09:02.228161 -- price updated
2019-10-08 14:12:02.414181 -- price updated
2019-10-08 14:15:02.423707 -- price updated
2019-10-08 14:18:02.640063 -- price updated
2019-10-08 14:21:02.253547 -- price updated
2019-10-08 14:24:02.480249 -- price updated
2019-10-08 14:27:02.696606 -- price updated
2019-10-08 14:30:02.843880 -- price updated
2019-10-08 14:33:03.380205 -- price updated
2019-10-08 14:36:02.647195 -- price updated
2019-10-08 14:39:02.692056 -- price updated
2019-10-08 14:42:02.218958 -- price updated
2019-10-08 14:45:02.398100 -- price updated
2019-10-08 14:48:02.565096 -- price updated
2019-10-08 14:51:02.393962 -- price updated
2019-10-08 14:54:02.452372 -- price updated
2019-10-08 14:57:02.838193 -- price updated
2019-10-08 15:00:04.272007 -- price updated
2019-10-08 15:03:02.545153 -- price updated
2019-10-08 15:06:02.596494 -- price updated
2019-10-08 15:09:02.631326 -- price updated
2019-10-08 15:12:02.420891 -- price updated
2019-10-08 15:15:03.049998 -- price updated
2019-10-08 15:18:02.476818 -- price updated
2019-10-08 15:21:02.593256 -- price updated
2019-10-08 15:24:02.889867 -- price updated
2019-10-08 15:27:03.552170 -- price updated
2019-10-08 15:30:03.061806 -- price updated
2019-10-08 15:33:02.209195 -- price updated
2019-10-08 15:36:02.491893 -- price updated
2019-10-08 15:39:02.820583 -- price updated
2019-10-08 15:42:02.448820 -- price updated
2019-10-08 15:45:03.162237 -- price updated
2019-10-08 15:48:02.677569 -- price updated
2019-10-08 15:51:02.637684 -- price updated
2019-10-08 15:54:02.670114 -- price updated
2019-10-08 15:57:02.709580 -- price updated
2019-10-08 16:00:02.896851 -- price updated
2019-10-08 16:03:03.196418 -- price updated
2019-10-08 16:06:02.809223 -- price updated
2019-10-08 16:09:02.775671 -- price updated
2019-10-08 16:12:02.718697 -- price updated
2019-10-08 16:15:02.953335 -- price updated
2019-10-08 16:18:02.345524 -- price updated
2019-10-08 16:21:01.995215 -- price updated
2019-10-08 16:24:01.942335 -- price updated
2019-10-08 16:27:01.974006 -- price updated
2019-10-08 16:30:02.239649 -- price updated
2019-10-08 16:33:02.328275 -- price updated
2019-10-08 16:36:02.285858 -- price updated
2019-10-08 16:39:02.589899 -- price updated
2019-10-08 16:42:02.406707 -- price updated
2019-10-08 16:45:02.451123 -- price updated
2019-10-08 16:48:02.672459 -- price updated
2019-10-08 16:51:02.578488 -- price updated
2019-10-08 16:54:02.642255 -- price updated
2019-10-08 16:57:02.956699 -- price updated
2019-10-08 17:00:02.283199 -- price updated
2019-10-08 17:03:02.949955 -- price updated
2019-10-08 17:06:02.042256 -- price updated
2019-10-08 17:09:02.344890 -- price updated
2019-10-08 17:12:02.411851 -- price updated
2019-10-08 17:15:02.673229 -- price updated
2019-10-08 17:18:02.961593 -- price updated
2019-10-08 17:21:02.983899 -- price updated
